<?xml version="1.0" encoding="UTF-8"?>
<!-- Generated by org.testng.reporters.JUnitReportReporter -->
<testsuite skipped="0" hostname="LAPTOP-MJT26O8" name="Sample.FirstTestNGScript" tests="3" failures="0" timestamp="11 Nov 2018 09:55:36 GMT" time="0.023" errors="0">
  <testcase name="loginApplication" time="0.015" classname="Sample.FirstTestNGScript"/>
  <testcase name="selectItems" time="0.006" classname="Sample.FirstTestNGScript"/>
  <testcase name="checkout" time="0.002" classname="Sample.FirstTestNGScript"/>
</testsuite> <!-- Sample.FirstTestNGScript -->
